E:\LBP\7. Local Binary Pattern\Source code\LBP_GUI\Demo2\Release\cl.command.1.tlog
E:\LBP\7. Local Binary Pattern\Source code\LBP_GUI\Demo2\Release\CL.read.1.tlog
E:\LBP\7. Local Binary Pattern\Source code\LBP_GUI\Demo2\Release\CL.write.1.tlog
E:\LBP\7. LOCAL BINARY PATTERN\SOURCE CODE\LBP_GUI\DEMO2\RELEASE\DECOMPOSITION.OBJ
E:\LBP\7. LOCAL BINARY PATTERN\SOURCE CODE\LBP_GUI\DEMO2\RELEASE\DEMO2.OBJ
E:\LBP\7. LOCAL BINARY PATTERN\SOURCE CODE\LBP_GUI\DEMO2\RELEASE\DEMO2.RES
E:\LBP\7. LOCAL BINARY PATTERN\SOURCE CODE\LBP_GUI\DEMO2\RELEASE\DEMO2DLG.OBJ
E:\LBP\7. LOCAL BINARY PATTERN\SOURCE CODE\LBP_GUI\DEMO2\RELEASE\FACEREC.OBJ
E:\LBP\7. LOCAL BINARY PATTERN\SOURCE CODE\LBP_GUI\DEMO2\RELEASE\HELPER.OBJ
E:\LBP\7. LOCAL BINARY PATTERN\SOURCE CODE\LBP_GUI\DEMO2\RELEASE\INPUTDLG.OBJ
E:\LBP\7. LOCAL BINARY PATTERN\SOURCE CODE\LBP_GUI\DEMO2\RELEASE\LBP.EXE.INTERMEDIATE.MANIFEST
E:\LBP\7. LOCAL BINARY PATTERN\SOURCE CODE\LBP_GUI\DEMO2\RELEASE\LBP.OBJ
E:\LBP\7. LOCAL BINARY PATTERN\SOURCE CODE\LBP_GUI\DEMO2\RELEASE\LBP.PCH
E:\LBP\7. Local Binary Pattern\Source code\LBP_GUI\Demo2\Release\link.command.1.tlog
E:\LBP\7. Local Binary Pattern\Source code\LBP_GUI\Demo2\Release\link.read.1.tlog
E:\LBP\7. Local Binary Pattern\Source code\LBP_GUI\Demo2\Release\link.write.1.tlog
E:\LBP\7. Local Binary Pattern\Source code\LBP_GUI\Demo2\Release\link-cvtres.read.1.tlog
E:\LBP\7. Local Binary Pattern\Source code\LBP_GUI\Demo2\Release\link-cvtres.write.1.tlog
E:\LBP\7. LOCAL BINARY PATTERN\SOURCE CODE\LBP_GUI\DEMO2\RELEASE\MAINDLG.OBJ
E:\LBP\7. Local Binary Pattern\Source code\LBP_GUI\Demo2\Release\mt.command.1.tlog
E:\LBP\7. Local Binary Pattern\Source code\LBP_GUI\Demo2\Release\mt.read.1.tlog
E:\LBP\7. Local Binary Pattern\Source code\LBP_GUI\Demo2\Release\mt.write.1.tlog
E:\LBP\7. Local Binary Pattern\Source code\LBP_GUI\Demo2\Release\rc.command.1.tlog
E:\LBP\7. Local Binary Pattern\Source code\LBP_GUI\Demo2\Release\rc.read.1.tlog
E:\LBP\7. Local Binary Pattern\Source code\LBP_GUI\Demo2\Release\rc.write.1.tlog
E:\LBP\7. LOCAL BINARY PATTERN\SOURCE CODE\LBP_GUI\DEMO2\RELEASE\SPATIAL.OBJ
E:\LBP\7. LOCAL BINARY PATTERN\SOURCE CODE\LBP_GUI\DEMO2\RELEASE\STDAFX.OBJ
E:\LBP\7. LOCAL BINARY PATTERN\SOURCE CODE\LBP_GUI\DEMO2\RELEASE\SUBSPACE.OBJ
E:\LBP\7. LOCAL BINARY PATTERN\SOURCE CODE\LBP_GUI\DEMO2\RELEASE\VC100.PDB
E:\LBP\7. LOCAL BINARY PATTERN\SOURCE CODE\LBP_GUI\RELEASE\LBP.EXE
E:\LBP\7. LOCAL BINARY PATTERN\SOURCE CODE\LBP_GUI\RELEASE\LBP.PDB
