E:\LBP\7. LOCAL BINARY PATTERN\SOURCE CODE\LBP_GUI\DEBUG\LBP.EXE
E:\LBP\7. LOCAL BINARY PATTERN\SOURCE CODE\LBP_GUI\DEBUG\LBP.ILK
E:\LBP\7. LOCAL BINARY PATTERN\SOURCE CODE\LBP_GUI\DEBUG\LBP.PDB
E:\LBP\7. Local Binary Pattern\Source code\LBP_GUI\Demo2\Debug\cl.command.1.tlog
E:\LBP\7. Local Binary Pattern\Source code\LBP_GUI\Demo2\Debug\CL.read.1.tlog
E:\LBP\7. Local Binary Pattern\Source code\LBP_GUI\Demo2\Debug\CL.write.1.tlog
E:\LBP\7. LOCAL BINARY PATTERN\SOURCE CODE\LBP_GUI\DEMO2\DEBUG\DECOMPOSITION.OBJ
E:\LBP\7. LOCAL BINARY PATTERN\SOURCE CODE\LBP_GUI\DEMO2\DEBUG\DEMO2.OBJ
E:\LBP\7. LOCAL BINARY PATTERN\SOURCE CODE\LBP_GUI\DEMO2\DEBUG\DEMO2.RES
E:\LBP\7. LOCAL BINARY PATTERN\SOURCE CODE\LBP_GUI\DEMO2\DEBUG\DEMO2DLG.OBJ
E:\LBP\7. LOCAL BINARY PATTERN\SOURCE CODE\LBP_GUI\DEMO2\DEBUG\FACEREC.OBJ
E:\LBP\7. LOCAL BINARY PATTERN\SOURCE CODE\LBP_GUI\DEMO2\DEBUG\HELPER.OBJ
E:\LBP\7. LOCAL BINARY PATTERN\SOURCE CODE\LBP_GUI\DEMO2\DEBUG\INPUTDLG.OBJ
E:\LBP\7. Local Binary Pattern\Source code\LBP_GUI\Demo2\Debug\LBP.exe.embed.manifest
E:\LBP\7. LOCAL BINARY PATTERN\SOURCE CODE\LBP_GUI\DEMO2\DEBUG\LBP.EXE.EMBED.MANIFEST.RES
E:\LBP\7. LOCAL BINARY PATTERN\SOURCE CODE\LBP_GUI\DEMO2\DEBUG\LBP.EXE.INTERMEDIATE.MANIFEST
E:\LBP\7. LOCAL BINARY PATTERN\SOURCE CODE\LBP_GUI\DEMO2\DEBUG\LBP.OBJ
E:\LBP\7. LOCAL BINARY PATTERN\SOURCE CODE\LBP_GUI\DEMO2\DEBUG\LBP.PCH
E:\LBP\7. Local Binary Pattern\Source code\LBP_GUI\Demo2\Debug\LBP_manifest.rc
E:\LBP\7. Local Binary Pattern\Source code\LBP_GUI\Demo2\Debug\link.command.1.tlog
E:\LBP\7. Local Binary Pattern\Source code\LBP_GUI\Demo2\Debug\link.read.1.tlog
E:\LBP\7. Local Binary Pattern\Source code\LBP_GUI\Demo2\Debug\link.write.1.tlog
E:\LBP\7. Local Binary Pattern\Source code\LBP_GUI\Demo2\Debug\link-cvtres.read.1.tlog
E:\LBP\7. Local Binary Pattern\Source code\LBP_GUI\Demo2\Debug\link-cvtres.write.1.tlog
E:\LBP\7. LOCAL BINARY PATTERN\SOURCE CODE\LBP_GUI\DEMO2\DEBUG\MAINDLG.OBJ
E:\LBP\7. Local Binary Pattern\Source code\LBP_GUI\Demo2\Debug\mt.command.1.tlog
E:\LBP\7. Local Binary Pattern\Source code\LBP_GUI\Demo2\Debug\mt.read.1.tlog
E:\LBP\7. Local Binary Pattern\Source code\LBP_GUI\Demo2\Debug\mt.write.1.tlog
E:\LBP\7. Local Binary Pattern\Source code\LBP_GUI\Demo2\Debug\rc.command.1.tlog
E:\LBP\7. Local Binary Pattern\Source code\LBP_GUI\Demo2\Debug\rc.read.1.tlog
E:\LBP\7. Local Binary Pattern\Source code\LBP_GUI\Demo2\Debug\rc.write.1.tlog
E:\LBP\7. LOCAL BINARY PATTERN\SOURCE CODE\LBP_GUI\DEMO2\DEBUG\SPATIAL.OBJ
E:\LBP\7. LOCAL BINARY PATTERN\SOURCE CODE\LBP_GUI\DEMO2\DEBUG\STDAFX.OBJ
E:\LBP\7. LOCAL BINARY PATTERN\SOURCE CODE\LBP_GUI\DEMO2\DEBUG\SUBSPACE.OBJ
E:\LBP\7. Local Binary Pattern\Source code\LBP_GUI\Demo2\Debug\vc100.idb
E:\LBP\7. LOCAL BINARY PATTERN\SOURCE CODE\LBP_GUI\DEMO2\DEBUG\VC100.PDB
E:\LBP\7. MIêU Tả CụC Bộ đặC TRưNG KHUôN MặT Sử DụNG LOCAL BINARY PATTERN\SOURCE CODE\LBP_GUI\DEBUG\LBP.EXE
E:\LBP\7. MIêU Tả CụC Bộ đặC TRưNG KHUôN MặT Sử DụNG LOCAL BINARY PATTERN\SOURCE CODE\LBP_GUI\DEBUG\LBP.ILK
E:\LBP\7. MIÊU TẢ CỤC BỘ ĐẶC TRƯNG KHUÔN MẶT SỬ DỤNG LOCAL BINARY PATTERN\SOURCE CODE\LBP_GUI\DEBUG\LBP.PDB
E:\LBP\7. MIêU Tả CụC Bộ đặC TRưNG KHUôN MặT Sử DụNG LOCAL BINARY PATTERN\SOURCE CODE\LBP_GUI\DEMO2\DEBUG\DECOMPOSITION.OBJ
E:\LBP\7. MIêU Tả CụC Bộ đặC TRưNG KHUôN MặT Sử DụNG LOCAL BINARY PATTERN\SOURCE CODE\LBP_GUI\DEMO2\DEBUG\DEMO2.OBJ
E:\LBP\7. MIêU Tả CụC Bộ đặC TRưNG KHUôN MặT Sử DụNG LOCAL BINARY PATTERN\SOURCE CODE\LBP_GUI\DEMO2\DEBUG\DEMO2.RES
E:\LBP\7. MIêU Tả CụC Bộ đặC TRưNG KHUôN MặT Sử DụNG LOCAL BINARY PATTERN\SOURCE CODE\LBP_GUI\DEMO2\DEBUG\DEMO2DLG.OBJ
E:\LBP\7. MIêU Tả CụC Bộ đặC TRưNG KHUôN MặT Sử DụNG LOCAL BINARY PATTERN\SOURCE CODE\LBP_GUI\DEMO2\DEBUG\FACEREC.OBJ
E:\LBP\7. MIêU Tả CụC Bộ đặC TRưNG KHUôN MặT Sử DụNG LOCAL BINARY PATTERN\SOURCE CODE\LBP_GUI\DEMO2\DEBUG\HELPER.OBJ
E:\LBP\7. MIêU Tả CụC Bộ đặC TRưNG KHUôN MặT Sử DụNG LOCAL BINARY PATTERN\SOURCE CODE\LBP_GUI\DEMO2\DEBUG\INPUTDLG.OBJ
E:\LBP\7. MIêU Tả CụC Bộ đặC TRưNG KHUôN MặT Sử DụNG LOCAL BINARY PATTERN\SOURCE CODE\LBP_GUI\DEMO2\DEBUG\LBP.EXE.EMBED.MANIFEST
E:\LBP\7. MIêU Tả CụC Bộ đặC TRưNG KHUôN MặT Sử DụNG LOCAL BINARY PATTERN\SOURCE CODE\LBP_GUI\DEMO2\DEBUG\LBP.EXE.EMBED.MANIFEST.RES
E:\LBP\7. MIêU Tả CụC Bộ đặC TRưNG KHUôN MặT Sử DụNG LOCAL BINARY PATTERN\SOURCE CODE\LBP_GUI\DEMO2\DEBUG\LBP.EXE.INTERMEDIATE.MANIFEST
E:\LBP\7. MIêU Tả CụC Bộ đặC TRưNG KHUôN MặT Sử DụNG LOCAL BINARY PATTERN\SOURCE CODE\LBP_GUI\DEMO2\DEBUG\LBP.OBJ
E:\LBP\7. MIêU Tả CụC Bộ đặC TRưNG KHUôN MặT Sử DụNG LOCAL BINARY PATTERN\SOURCE CODE\LBP_GUI\DEMO2\DEBUG\LBP.PCH
E:\LBP\7. MIêU Tả CụC Bộ đặC TRưNG KHUôN MặT Sử DụNG LOCAL BINARY PATTERN\SOURCE CODE\LBP_GUI\DEMO2\DEBUG\MAINDLG.OBJ
E:\LBP\7. MIêU Tả CụC Bộ đặC TRưNG KHUôN MặT Sử DụNG LOCAL BINARY PATTERN\SOURCE CODE\LBP_GUI\DEMO2\DEBUG\SPATIAL.OBJ
E:\LBP\7. MIêU Tả CụC Bộ đặC TRưNG KHUôN MặT Sử DụNG LOCAL BINARY PATTERN\SOURCE CODE\LBP_GUI\DEMO2\DEBUG\STDAFX.OBJ
E:\LBP\7. MIêU Tả CụC Bộ đặC TRưNG KHUôN MặT Sử DụNG LOCAL BINARY PATTERN\SOURCE CODE\LBP_GUI\DEMO2\DEBUG\SUBSPACE.OBJ
E:\LBP\7. MIÊU TẢ CỤC BỘ ĐẶC TRƯNG KHUÔN MẶT SỬ DỤNG LOCAL BINARY PATTERN\SOURCE CODE\LBP_GUI\DEMO2\DEBUG\VC100.PDB
